Copyright 1986-2017 Xilinx, Inc. All Rights Reserved.
------------------------------------------------------------------------------------
| Tool Version : Vivado v.2017.4 (lin64) Build 2086221 Fri Dec 15 20:54:30 MST 2017
| Date         : Thu Aug 30 02:09:30 2018
| Host         : nicolas-xeon running 64-bit unknown
| Command      : report_control_sets -verbose -file lab_9_control_sets_placed.rpt
| Design       : lab_9
| Device       : xc7a100t
------------------------------------------------------------------------------------

Control Set Information

Table of Contents
-----------------
1. Summary
2. Flip-Flop Distribution
3. Detailed Control Set Information

1. Summary
----------

+----------------------------------------------------------+-------+
|                          Status                          | Count |
+----------------------------------------------------------+-------+
| Number of unique control sets                            |    10 |
| Unused register locations in slices containing registers |    32 |
+----------------------------------------------------------+-------+


2. Flip-Flop Distribution
-------------------------

+--------------+-----------------------+------------------------+-----------------+--------------+
| Clock Enable | Synchronous Set/Reset | Asynchronous Set/Reset | Total Registers | Total Slices |
+--------------+-----------------------+------------------------+-----------------+--------------+
| No           | No                    | No                     |              60 |           36 |
| No           | No                    | Yes                    |              18 |            5 |
| No           | Yes                   | No                     |              12 |            4 |
| Yes          | No                    | No                     |              35 |           11 |
| Yes          | No                    | Yes                    |               0 |            0 |
| Yes          | Yes                   | No                     |              11 |            3 |
+--------------+-----------------------+------------------------+-----------------+--------------+


3. Detailed Control Set Information
-----------------------------------

+-------------------------------+--------------------------------------+--------------------------------+------------------+----------------+
|          Clock Signal         |             Enable Signal            |        Set/Reset Signal        | Slice Load Count | Bel Load Count |
+-------------------------------+--------------------------------------+--------------------------------+------------------+----------------+
|  ins/inst/clk_out1            | uart_/baud8_tick_blk/acc[18]         |                                |                2 |              3 |
|  ins/inst/clk_out1            | video_input_port/ret_bb              |                                |                3 |              8 |
|  ins/inst/clk_out1            | video_input_port/ret_br              |                                |                2 |              8 |
|  ins/inst/clk_out1            | video_input_port/ret_bg              |                                |                1 |              8 |
|  ins/inst/clk_out1            | uart_/uart_rx_blk/rx_data[7]_i_1_n_0 |                                |                3 |              8 |
|  ins/inst/clk_out2            | nolabel_line105/vc[11]_i_2_n_0       | nolabel_line105/vc[11]_i_1_n_0 |                3 |             11 |
|  ins/inst/clk_out2            |                                      | nolabel_line105/hc[11]_i_1_n_0 |                4 |             12 |
|  video_input_port/rx_ready_12 |                                      | reset_addra                    |                5 |             18 |
|  ins/inst/clk_out2            |                                      |                                |               23 |             27 |
|  ins/inst/clk_out1            |                                      |                                |               13 |             33 |
+-------------------------------+--------------------------------------+--------------------------------+------------------+----------------+


+--------+-----------------------+
| Fanout | Number of ControlSets |
+--------+-----------------------+
| 3      |                     1 |
| 8      |                     4 |
| 11     |                     1 |
| 12     |                     1 |
| 16+    |                     3 |
+--------+-----------------------+


