INFO: [VRFC 10-2263] Analyzing SystemVerilog file "/home/nicolas/Documentos/ELO/Digitales/LAB/Verilog/Exp2/Exp2.srcs/sources_1/new/bch_7seg.sv" into library xil_defaultlib
INFO: [VRFC 10-311] analyzing module bch_7seg
INFO: [VRFC 10-2263] Analyzing SystemVerilog file "/home/nicolas/Documentos/ELO/Digitales/LAB/Verilog/Exp2/Exp2.srcs/sources_1/new/clk_divider.sv" into library xil_defaultlib
INFO: [VRFC 10-311] analyzing module clk_divider
INFO: [VRFC 10-2263] Analyzing SystemVerilog file "/home/nicolas/Documentos/ELO/Digitales/LAB/Verilog/Exp6_b/Exp6_b.srcs/sources_1/new/contador_presiones.sv" into library xil_defaultlib
INFO: [VRFC 10-311] analyzing module contador_presiones
INFO: [VRFC 10-2263] Analyzing SystemVerilog file "/home/nicolas/Documentos/ELO/Digitales/LAB/Verilog/Exp4/Exp4.srcs/sources_1/new/counter_nbit.sv" into library xil_defaultlib
INFO: [VRFC 10-311] analyzing module counter_nbit
INFO: [VRFC 10-2263] Analyzing SystemVerilog file "/home/nicolas/Documentos/ELO/Digitales/LAB/Verilog/Exp6_b/Reusables/drv_7seg.sv" into library xil_defaultlib
INFO: [VRFC 10-311] analyzing module drv_7seg
INFO: [VRFC 10-2263] Analyzing SystemVerilog file "/home/nicolas/Documentos/ELO/Digitales/LAB/Verilog/Exp6_b/Exp6_b.srcs/sources_1/new/pb_debouncer.sv" into library xil_defaultlib
INFO: [VRFC 10-311] analyzing module pb_debouncer
INFO: [VRFC 10-2263] Analyzing SystemVerilog file "/home/nicolas/Documentos/ELO/Digitales/LAB/Verilog/Exp6_b/Exp6_b.srcs/sources_1/new/calculadora_retentor.sv" into library xil_defaultlib
INFO: [VRFC 10-311] analyzing module calculadora_retentor
INFO: [VRFC 10-2263] Analyzing SystemVerilog file "/home/nicolas/Documentos/ELO/Digitales/LAB/Verilog/Exp6_b/Reusables/FDCE.sv" into library xil_defaultlib
INFO: [VRFC 10-311] analyzing module FDCE
INFO: [VRFC 10-2263] Analyzing SystemVerilog file "/home/nicolas/Documentos/ELO/Digitales/LAB/Verilog/Exp6_b/Reusables/alu4.sv" into library xil_defaultlib
INFO: [VRFC 10-311] analyzing module alu4
INFO: [VRFC 10-2263] Analyzing SystemVerilog file "/home/nicolas/Documentos/ELO/Digitales/LAB/Verilog/Exp6_b/Exp6_b.srcs/sources_1/new/unsigned_to_bcd.sv" into library xil_defaultlib
INFO: [VRFC 10-311] analyzing module unsigned_to_bcd
INFO: [VRFC 10-2263] Analyzing SystemVerilog file "/home/nicolas/Documentos/ELO/Digitales/LAB/Verilog/Exp6_b/Reusables/driver_pwm.sv" into library xil_defaultlib
INFO: [VRFC 10-311] analyzing module driver_pwm
INFO: [VRFC 10-2263] Analyzing SystemVerilog file "/home/nicolas/Documentos/ELO/Digitales/LAB/Verilog/Exp6_b/Exp6_b.srcs/sim_1/new/alu4_tb.sv" into library xil_defaultlib
INFO: [VRFC 10-311] analyzing module alu4_tb
INFO: [VRFC 10-2263] Analyzing Verilog file "/home/nicolas/Documentos/ELO/Digitales/LAB/Verilog/Exp6_b/Exp6_b.sim/sim_1/behav/xsim/glbl.v" into library xil_defaultlib
INFO: [VRFC 10-311] analyzing module glbl
